2022-03-15 16:13:19 INFO  c.m.e.EmployeeApplication:55 - Starting EmployeeApplication using Java 11.0.14 on ICS-LAP-11590 with PID 7684 (C:\Users\mramchandra\git\spring-boot-example\target\classes started by mramchandra in C:\Users\mramchandra\git\spring-boot-example)
2022-03-15 16:13:19 INFO  c.m.e.EmployeeApplication:640 - No active profile set, falling back to 1 default profile: "default"
2022-03-15 16:13:19 INFO  o.s.b.d.e.DevToolsPropertyDefaultsPostProcessor:255 - Devtools property defaults active! Set 'spring.devtools.add-properties' to 'false' to disable
2022-03-15 16:13:19 INFO  o.s.b.d.e.DevToolsPropertyDefaultsPostProcessor:255 - For additional web related logging consider setting the 'logging.level.web' property to 'DEBUG'
2022-03-15 16:13:19 INFO  o.s.d.r.c.RepositoryConfigurationDelegate:132 - Bootstrapping Spring Data JPA repositories in DEFAULT mode.
2022-03-15 16:13:19 INFO  o.s.d.r.c.RepositoryConfigurationDelegate:201 - Finished Spring Data repository scanning in 23 ms. Found 1 JPA repository interfaces.
2022-03-15 16:13:19 INFO  o.s.b.w.e.t.TomcatWebServer:108 - Tomcat initialized with port(s): 8080 (http)
2022-03-15 16:13:19 INFO  o.a.c.c.StandardService:173 - Starting service [Tomcat]
2022-03-15 16:13:19 INFO  o.a.c.c.StandardEngine:173 - Starting Servlet engine: [Apache Tomcat/9.0.58]
2022-03-15 16:13:19 INFO  o.a.c.c.C.[.[.[/]:173 - Initializing Spring embedded WebApplicationContext
2022-03-15 16:13:19 INFO  o.s.b.w.s.c.ServletWebServerApplicationContext:290 - Root WebApplicationContext: initialization completed in 879 ms
2022-03-15 16:13:20 INFO  c.z.h.HikariDataSource:110 - HikariPool-1 - Starting...
2022-03-15 16:13:20 INFO  c.z.h.HikariDataSource:123 - HikariPool-1 - Start completed.
2022-03-15 16:13:20 INFO  o.s.b.a.h.H2ConsoleAutoConfiguration:89 - H2 console available at '/h2-console'. Database available at 'jdbc:h2:mem:297dca86-db59-4087-be3f-a7aa7b5f1d7d'
2022-03-15 16:13:20 INFO  o.h.j.i.u.LogHelper:31 - HHH000204: Processing PersistenceUnitInfo [name: default]
2022-03-15 16:13:20 INFO  o.h.Version:44 - HHH000412: Hibernate ORM core version 5.6.5.Final
2022-03-15 16:13:20 INFO  o.h.a.c.Version:56 - HCANN000001: Hibernate Commons Annotations {5.1.2.Final}
2022-03-15 16:13:20 INFO  o.h.d.Dialect:175 - HHH000400: Using dialect: org.hibernate.dialect.H2Dialect
2022-03-15 16:13:20 INFO  o.h.e.t.j.p.i.JtaPlatformInitiator:52 - HHH000490: Using JtaPlatform implementation: [org.hibernate.engine.transaction.jta.platform.internal.NoJtaPlatform]
2022-03-15 16:13:20 INFO  o.s.o.j.LocalContainerEntityManagerFactoryBean:437 - Initialized JPA EntityManagerFactory for persistence unit 'default'
2022-03-15 16:13:20 WARN  o.s.b.a.o.j.JpaBaseConfiguration$JpaWebConfiguration:219 - spring.jpa.open-in-view is enabled by default. Therefore, database queries may be performed during view rendering. Explicitly configure spring.jpa.open-in-view to disable this warning
2022-03-15 16:13:21 INFO  o.s.b.d.a.OptionalLiveReloadServer:58 - LiveReload server is running on port 35729
2022-03-15 16:13:21 INFO  o.s.b.a.e.w.EndpointLinksResolver:58 - Exposing 1 endpoint(s) beneath base path '/actuator'
2022-03-15 16:13:21 INFO  o.s.b.w.e.t.TomcatWebServer:220 - Tomcat started on port(s): 8080 (http) with context path ''
2022-03-15 16:13:21 INFO  c.m.e.EmployeeApplication:61 - Started EmployeeApplication in 2.268 seconds (JVM running for 6.582)
2022-03-15 16:13:21 INFO  o.a.c.c.C.[.[.[/]:173 - Initializing Spring DispatcherServlet 'dispatcherServlet'
2022-03-15 16:13:21 INFO  o.s.w.s.DispatcherServlet:525 - Initializing Servlet 'dispatcherServlet'
2022-03-15 16:13:21 INFO  o.s.w.s.DispatcherServlet:547 - Completed initialization in 0 ms
2022-03-15 16:13:32 INFO  c.m.e.c.EmployeeController:37 - Employee found for this id :: 1
2022-03-15 16:13:32 DEBUG c.m.e.c.EmployeeController:38 - Employee found for this id :: 1
2022-03-15 16:18:50 INFO  o.s.o.j.LocalContainerEntityManagerFactoryBean:651 - Closing JPA EntityManagerFactory for persistence unit 'default'
2022-03-15 16:18:50 INFO  o.h.t.s.i.SchemaDropperImpl$DelayedDropActionImpl:538 - HHH000477: Starting delayed evictData of schema as part of SessionFactory shut-down'
2022-03-15 16:18:50 WARN  o.s.b.f.s.DisposableBeanAdapter:221 - Invocation of destroy method failed on bean with name 'inMemoryDatabaseShutdownExecutor': org.h2.jdbc.JdbcSQLNonTransientConnectionException: Database is already closed (to disable automatic closing at VM shutdown, add ";DB_CLOSE_ON_EXIT=FALSE" to the db URL) [90121-200]
2022-03-15 16:18:50 INFO  c.z.h.HikariDataSource:350 - HikariPool-1 - Shutdown initiated...
2022-03-15 16:18:50 INFO  c.z.h.HikariDataSource:352 - HikariPool-1 - Shutdown completed.
2022-03-15 16:21:14 INFO  c.m.e.EmployeeApplication:55 - Starting EmployeeApplication using Java 11.0.14 on ICS-LAP-11590 with PID 2592 (C:\Users\mramchandra\git\spring-boot-example\target\classes started by mramchandra in C:\Users\mramchandra\git\spring-boot-example)
2022-03-15 16:21:14 INFO  c.m.e.EmployeeApplication:640 - No active profile set, falling back to 1 default profile: "default"
2022-03-15 16:21:14 INFO  o.s.b.d.e.DevToolsPropertyDefaultsPostProcessor:255 - Devtools property defaults active! Set 'spring.devtools.add-properties' to 'false' to disable
2022-03-15 16:21:14 INFO  o.s.b.d.e.DevToolsPropertyDefaultsPostProcessor:255 - For additional web related logging consider setting the 'logging.level.web' property to 'DEBUG'
2022-03-15 16:21:14 INFO  o.s.d.r.c.RepositoryConfigurationDelegate:132 - Bootstrapping Spring Data JPA repositories in DEFAULT mode.
2022-03-15 16:21:14 INFO  o.s.d.r.c.RepositoryConfigurationDelegate:201 - Finished Spring Data repository scanning in 24 ms. Found 1 JPA repository interfaces.
2022-03-15 16:21:15 INFO  o.s.b.w.e.t.TomcatWebServer:108 - Tomcat initialized with port(s): 8080 (http)
2022-03-15 16:21:15 INFO  o.a.c.c.StandardService:173 - Starting service [Tomcat]
2022-03-15 16:21:15 INFO  o.a.c.c.StandardEngine:173 - Starting Servlet engine: [Apache Tomcat/9.0.58]
2022-03-15 16:21:15 INFO  o.a.c.c.C.[.[.[/]:173 - Initializing Spring embedded WebApplicationContext
2022-03-15 16:21:15 INFO  o.s.b.w.s.c.ServletWebServerApplicationContext:290 - Root WebApplicationContext: initialization completed in 967 ms
2022-03-15 16:21:15 INFO  c.z.h.HikariDataSource:110 - HikariPool-1 - Starting...
2022-03-15 16:21:15 INFO  c.z.h.HikariDataSource:123 - HikariPool-1 - Start completed.
2022-03-15 16:21:15 INFO  o.s.b.a.h.H2ConsoleAutoConfiguration:89 - H2 console available at '/h2-console'. Database available at 'jdbc:h2:mem:47ba5ff4-3c41-46d0-8a57-d4229a168739'
2022-03-15 16:21:15 INFO  o.h.j.i.u.LogHelper:31 - HHH000204: Processing PersistenceUnitInfo [name: default]
2022-03-15 16:21:15 INFO  o.h.Version:44 - HHH000412: Hibernate ORM core version 5.6.5.Final
2022-03-15 16:21:15 INFO  o.h.a.c.Version:56 - HCANN000001: Hibernate Commons Annotations {5.1.2.Final}
2022-03-15 16:21:15 INFO  o.h.d.Dialect:175 - HHH000400: Using dialect: org.hibernate.dialect.H2Dialect
2022-03-15 16:21:15 INFO  o.h.e.t.j.p.i.JtaPlatformInitiator:52 - HHH000490: Using JtaPlatform implementation: [org.hibernate.engine.transaction.jta.platform.internal.NoJtaPlatform]
2022-03-15 16:21:15 INFO  o.s.o.j.LocalContainerEntityManagerFactoryBean:437 - Initialized JPA EntityManagerFactory for persistence unit 'default'
2022-03-15 16:21:16 WARN  o.s.b.a.o.j.JpaBaseConfiguration$JpaWebConfiguration:219 - spring.jpa.open-in-view is enabled by default. Therefore, database queries may be performed during view rendering. Explicitly configure spring.jpa.open-in-view to disable this warning
2022-03-15 16:21:16 INFO  o.s.b.d.a.OptionalLiveReloadServer:58 - LiveReload server is running on port 35729
2022-03-15 16:21:16 INFO  o.s.b.a.e.w.EndpointLinksResolver:58 - Exposing 1 endpoint(s) beneath base path '/actuator'
2022-03-15 16:21:16 INFO  o.s.b.w.e.t.TomcatWebServer:220 - Tomcat started on port(s): 8080 (http) with context path ''
2022-03-15 16:21:16 INFO  c.m.e.EmployeeApplication:61 - Started EmployeeApplication in 2.337 seconds (JVM running for 2.95)
2022-03-15 16:21:17 INFO  o.a.c.c.C.[.[.[/]:173 - Initializing Spring DispatcherServlet 'dispatcherServlet'
2022-03-15 16:21:17 INFO  o.s.w.s.DispatcherServlet:525 - Initializing Servlet 'dispatcherServlet'
2022-03-15 16:21:17 INFO  o.s.w.s.DispatcherServlet:547 - Completed initialization in 2 ms
2022-03-15 16:26:18 INFO  o.s.o.j.LocalContainerEntityManagerFactoryBean:651 - Closing JPA EntityManagerFactory for persistence unit 'default'
2022-03-15 16:26:18 INFO  o.h.t.s.i.SchemaDropperImpl$DelayedDropActionImpl:538 - HHH000477: Starting delayed evictData of schema as part of SessionFactory shut-down'
2022-03-15 16:26:19 WARN  o.s.b.f.s.DisposableBeanAdapter:221 - Invocation of destroy method failed on bean with name 'inMemoryDatabaseShutdownExecutor': org.h2.jdbc.JdbcSQLNonTransientConnectionException: Database is already closed (to disable automatic closing at VM shutdown, add ";DB_CLOSE_ON_EXIT=FALSE" to the db URL) [90121-200]
2022-03-15 16:26:19 INFO  c.z.h.HikariDataSource:350 - HikariPool-1 - Shutdown initiated...
2022-03-15 16:26:19 INFO  c.z.h.HikariDataSource:352 - HikariPool-1 - Shutdown completed.
2022-03-15 16:26:22 INFO  c.m.e.EmployeeApplication:55 - Starting EmployeeApplication using Java 11.0.14 on ICS-LAP-11590 with PID 12040 (C:\Users\mramchandra\git\spring-boot-example\target\classes started by mramchandra in C:\Users\mramchandra\git\spring-boot-example)
2022-03-15 16:26:22 INFO  c.m.e.EmployeeApplication:640 - No active profile set, falling back to 1 default profile: "default"
2022-03-15 16:26:22 INFO  o.s.b.d.e.DevToolsPropertyDefaultsPostProcessor:255 - Devtools property defaults active! Set 'spring.devtools.add-properties' to 'false' to disable
2022-03-15 16:26:22 INFO  o.s.b.d.e.DevToolsPropertyDefaultsPostProcessor:255 - For additional web related logging consider setting the 'logging.level.web' property to 'DEBUG'
2022-03-15 16:26:22 INFO  o.s.d.r.c.RepositoryConfigurationDelegate:132 - Bootstrapping Spring Data JPA repositories in DEFAULT mode.
2022-03-15 16:26:22 INFO  o.s.d.r.c.RepositoryConfigurationDelegate:201 - Finished Spring Data repository scanning in 24 ms. Found 1 JPA repository interfaces.
2022-03-15 16:26:23 INFO  o.s.b.w.e.t.TomcatWebServer:108 - Tomcat initialized with port(s): 8080 (http)
2022-03-15 16:26:23 INFO  o.a.c.c.StandardService:173 - Starting service [Tomcat]
2022-03-15 16:26:23 INFO  o.a.c.c.StandardEngine:173 - Starting Servlet engine: [Apache Tomcat/9.0.58]
2022-03-15 16:26:23 INFO  o.a.c.c.C.[.[.[/]:173 - Initializing Spring embedded WebApplicationContext
2022-03-15 16:26:23 INFO  o.s.b.w.s.c.ServletWebServerApplicationContext:290 - Root WebApplicationContext: initialization completed in 932 ms
2022-03-15 16:26:23 INFO  c.z.h.HikariDataSource:110 - HikariPool-1 - Starting...
2022-03-15 16:26:23 INFO  c.z.h.HikariDataSource:123 - HikariPool-1 - Start completed.
2022-03-15 16:26:23 INFO  o.s.b.a.h.H2ConsoleAutoConfiguration:89 - H2 console available at '/h2-console'. Database available at 'jdbc:h2:mem:ea71a77a-fb25-49e0-9bfb-b54e9cb8185d'
2022-03-15 16:26:23 INFO  o.h.j.i.u.LogHelper:31 - HHH000204: Processing PersistenceUnitInfo [name: default]
2022-03-15 16:26:23 INFO  o.h.Version:44 - HHH000412: Hibernate ORM core version 5.6.5.Final
2022-03-15 16:26:23 INFO  o.h.a.c.Version:56 - HCANN000001: Hibernate Commons Annotations {5.1.2.Final}
2022-03-15 16:26:23 INFO  o.h.d.Dialect:175 - HHH000400: Using dialect: org.hibernate.dialect.H2Dialect
2022-03-15 16:26:23 INFO  o.h.e.t.j.p.i.JtaPlatformInitiator:52 - HHH000490: Using JtaPlatform implementation: [org.hibernate.engine.transaction.jta.platform.internal.NoJtaPlatform]
2022-03-15 16:26:23 INFO  o.s.o.j.LocalContainerEntityManagerFactoryBean:437 - Initialized JPA EntityManagerFactory for persistence unit 'default'
2022-03-15 16:26:24 WARN  o.s.b.a.o.j.JpaBaseConfiguration$JpaWebConfiguration:219 - spring.jpa.open-in-view is enabled by default. Therefore, database queries may be performed during view rendering. Explicitly configure spring.jpa.open-in-view to disable this warning
2022-03-15 16:26:24 INFO  o.s.b.d.a.OptionalLiveReloadServer:58 - LiveReload server is running on port 35729
2022-03-15 16:26:24 INFO  o.s.b.a.e.w.EndpointLinksResolver:58 - Exposing 1 endpoint(s) beneath base path '/actuator'
2022-03-15 16:26:24 INFO  o.s.b.w.e.t.TomcatWebServer:220 - Tomcat started on port(s): 8080 (http) with context path ''
2022-03-15 16:26:24 INFO  c.m.e.EmployeeApplication:61 - Started EmployeeApplication in 2.618 seconds (JVM running for 3.593)
2022-03-15 16:26:24 INFO  o.a.c.c.C.[.[.[/]:173 - Initializing Spring DispatcherServlet 'dispatcherServlet'
2022-03-15 16:26:24 INFO  o.s.w.s.DispatcherServlet:525 - Initializing Servlet 'dispatcherServlet'
2022-03-15 16:26:24 INFO  o.s.w.s.DispatcherServlet:547 - Completed initialization in 16 ms
2022-03-15 16:29:34 INFO  o.s.o.j.LocalContainerEntityManagerFactoryBean:651 - Closing JPA EntityManagerFactory for persistence unit 'default'
2022-03-15 16:29:34 INFO  o.h.t.s.i.SchemaDropperImpl$DelayedDropActionImpl:538 - HHH000477: Starting delayed evictData of schema as part of SessionFactory shut-down'
2022-03-15 16:29:34 WARN  o.s.b.f.s.DisposableBeanAdapter:221 - Invocation of destroy method failed on bean with name 'inMemoryDatabaseShutdownExecutor': org.h2.jdbc.JdbcSQLNonTransientConnectionException: Database is already closed (to disable automatic closing at VM shutdown, add ";DB_CLOSE_ON_EXIT=FALSE" to the db URL) [90121-200]
2022-03-15 16:29:34 INFO  c.z.h.HikariDataSource:350 - HikariPool-1 - Shutdown initiated...
2022-03-15 16:29:34 INFO  c.z.h.HikariDataSource:352 - HikariPool-1 - Shutdown completed.
2022-03-15 16:29:34 INFO  c.m.e.EmployeeApplication:55 - Starting EmployeeApplication using Java 11.0.14 on ICS-LAP-11590 with PID 12040 (C:\Users\mramchandra\git\spring-boot-example\target\classes started by mramchandra in C:\Users\mramchandra\git\spring-boot-example)
2022-03-15 16:29:34 INFO  c.m.e.EmployeeApplication:640 - No active profile set, falling back to 1 default profile: "default"
2022-03-15 16:29:34 INFO  o.s.d.r.c.RepositoryConfigurationDelegate:132 - Bootstrapping Spring Data JPA repositories in DEFAULT mode.
2022-03-15 16:29:34 INFO  o.s.d.r.c.RepositoryConfigurationDelegate:201 - Finished Spring Data repository scanning in 6 ms. Found 1 JPA repository interfaces.
2022-03-15 16:29:34 INFO  o.s.b.w.e.t.TomcatWebServer:108 - Tomcat initialized with port(s): 8080 (http)
2022-03-15 16:29:34 INFO  o.a.c.c.StandardService:173 - Starting service [Tomcat]
2022-03-15 16:29:34 INFO  o.a.c.c.StandardEngine:173 - Starting Servlet engine: [Apache Tomcat/9.0.58]
2022-03-15 16:29:34 INFO  o.a.c.c.C.[.[.[/]:173 - Initializing Spring embedded WebApplicationContext
2022-03-15 16:29:34 INFO  o.s.b.w.s.c.ServletWebServerApplicationContext:290 - Root WebApplicationContext: initialization completed in 367 ms
2022-03-15 16:29:35 INFO  c.z.h.HikariDataSource:110 - HikariPool-2 - Starting...
2022-03-15 16:29:35 INFO  c.z.h.HikariDataSource:123 - HikariPool-2 - Start completed.
2022-03-15 16:29:35 INFO  o.s.b.a.h.H2ConsoleAutoConfiguration:89 - H2 console available at '/h2-console'. Database available at 'jdbc:h2:mem:1b17b4ae-2a8a-48ee-b32b-c2158bf32b23'
2022-03-15 16:29:35 INFO  o.h.j.i.u.LogHelper:31 - HHH000204: Processing PersistenceUnitInfo [name: default]
2022-03-15 16:29:35 INFO  o.h.d.Dialect:175 - HHH000400: Using dialect: org.hibernate.dialect.H2Dialect
2022-03-15 16:29:35 INFO  o.h.e.t.j.p.i.JtaPlatformInitiator:52 - HHH000490: Using JtaPlatform implementation: [org.hibernate.engine.transaction.jta.platform.internal.NoJtaPlatform]
2022-03-15 16:29:35 INFO  o.s.o.j.LocalContainerEntityManagerFactoryBean:437 - Initialized JPA EntityManagerFactory for persistence unit 'default'
2022-03-15 16:29:35 WARN  o.s.b.a.o.j.JpaBaseConfiguration$JpaWebConfiguration:219 - spring.jpa.open-in-view is enabled by default. Therefore, database queries may be performed during view rendering. Explicitly configure spring.jpa.open-in-view to disable this warning
2022-03-15 16:29:35 INFO  o.s.b.d.a.OptionalLiveReloadServer:58 - LiveReload server is running on port 35729
2022-03-15 16:29:35 INFO  o.s.b.a.e.w.EndpointLinksResolver:58 - Exposing 1 endpoint(s) beneath base path '/actuator'
2022-03-15 16:29:35 INFO  o.s.b.w.e.t.TomcatWebServer:220 - Tomcat started on port(s): 8080 (http) with context path ''
2022-03-15 16:29:35 INFO  c.m.e.EmployeeApplication:61 - Started EmployeeApplication in 0.626 seconds (JVM running for 194.335)
2022-03-15 16:29:35 INFO  o.s.b.d.a.ConditionEvaluationDeltaLoggingListener:63 - Condition evaluation unchanged
2022-03-15 16:29:36 INFO  o.s.o.j.LocalContainerEntityManagerFactoryBean:651 - Closing JPA EntityManagerFactory for persistence unit 'default'
2022-03-15 16:29:36 INFO  o.h.t.s.i.SchemaDropperImpl$DelayedDropActionImpl:538 - HHH000477: Starting delayed evictData of schema as part of SessionFactory shut-down'
2022-03-15 16:29:36 WARN  o.s.b.f.s.DisposableBeanAdapter:221 - Invocation of destroy method failed on bean with name 'inMemoryDatabaseShutdownExecutor': org.h2.jdbc.JdbcSQLNonTransientConnectionException: Database is already closed (to disable automatic closing at VM shutdown, add ";DB_CLOSE_ON_EXIT=FALSE" to the db URL) [90121-200]
2022-03-15 16:29:36 INFO  c.z.h.HikariDataSource:350 - HikariPool-2 - Shutdown initiated...
2022-03-15 16:29:36 INFO  c.z.h.HikariDataSource:352 - HikariPool-2 - Shutdown completed.
2022-03-15 16:29:36 INFO  c.m.e.EmployeeApplication:55 - Starting EmployeeApplication using Java 11.0.14 on ICS-LAP-11590 with PID 12040 (C:\Users\mramchandra\git\spring-boot-example\target\classes started by mramchandra in C:\Users\mramchandra\git\spring-boot-example)
2022-03-15 16:29:36 INFO  c.m.e.EmployeeApplication:640 - No active profile set, falling back to 1 default profile: "default"
2022-03-15 16:29:37 INFO  o.s.d.r.c.RepositoryConfigurationDelegate:132 - Bootstrapping Spring Data JPA repositories in DEFAULT mode.
2022-03-15 16:29:37 INFO  o.s.d.r.c.RepositoryConfigurationDelegate:201 - Finished Spring Data repository scanning in 6 ms. Found 1 JPA repository interfaces.
2022-03-15 16:29:37 INFO  o.s.b.w.e.t.TomcatWebServer:108 - Tomcat initialized with port(s): 8080 (http)
2022-03-15 16:29:37 INFO  o.a.c.c.StandardService:173 - Starting service [Tomcat]
2022-03-15 16:29:37 INFO  o.a.c.c.StandardEngine:173 - Starting Servlet engine: [Apache Tomcat/9.0.58]
2022-03-15 16:29:37 INFO  o.a.c.c.C.[.[.[/]:173 - Initializing Spring embedded WebApplicationContext
2022-03-15 16:29:37 INFO  o.s.b.w.s.c.ServletWebServerApplicationContext:290 - Root WebApplicationContext: initialization completed in 255 ms
2022-03-15 16:29:37 INFO  c.z.h.HikariDataSource:110 - HikariPool-3 - Starting...
2022-03-15 16:29:37 INFO  c.z.h.HikariDataSource:123 - HikariPool-3 - Start completed.
2022-03-15 16:29:37 INFO  o.s.b.a.h.H2ConsoleAutoConfiguration:89 - H2 console available at '/h2-console'. Database available at 'jdbc:h2:mem:f95a5666-c067-4bd0-9015-626dd2f77dcc'
2022-03-15 16:29:37 INFO  o.h.j.i.u.LogHelper:31 - HHH000204: Processing PersistenceUnitInfo [name: default]
2022-03-15 16:29:37 INFO  o.h.d.Dialect:175 - HHH000400: Using dialect: org.hibernate.dialect.H2Dialect
2022-03-15 16:29:37 INFO  o.h.e.t.j.p.i.JtaPlatformInitiator:52 - HHH000490: Using JtaPlatform implementation: [org.hibernate.engine.transaction.jta.platform.internal.NoJtaPlatform]
2022-03-15 16:29:37 INFO  o.s.o.j.LocalContainerEntityManagerFactoryBean:437 - Initialized JPA EntityManagerFactory for persistence unit 'default'
2022-03-15 16:29:37 WARN  o.s.b.a.o.j.JpaBaseConfiguration$JpaWebConfiguration:219 - spring.jpa.open-in-view is enabled by default. Therefore, database queries may be performed during view rendering. Explicitly configure spring.jpa.open-in-view to disable this warning
2022-03-15 16:29:37 INFO  o.s.b.d.a.OptionalLiveReloadServer:58 - LiveReload server is running on port 35729
2022-03-15 16:29:37 INFO  o.s.b.a.e.w.EndpointLinksResolver:58 - Exposing 1 endpoint(s) beneath base path '/actuator'
2022-03-15 16:29:37 INFO  o.s.b.w.e.t.TomcatWebServer:220 - Tomcat started on port(s): 8080 (http) with context path ''
2022-03-15 16:29:37 INFO  c.m.e.EmployeeApplication:61 - Started EmployeeApplication in 0.452 seconds (JVM running for 196.542)
2022-03-15 16:29:37 INFO  o.s.b.d.a.ConditionEvaluationDeltaLoggingListener:63 - Condition evaluation unchanged
2022-03-15 16:30:15 INFO  o.s.o.j.LocalContainerEntityManagerFactoryBean:651 - Closing JPA EntityManagerFactory for persistence unit 'default'
2022-03-15 16:30:15 INFO  o.h.t.s.i.SchemaDropperImpl$DelayedDropActionImpl:538 - HHH000477: Starting delayed evictData of schema as part of SessionFactory shut-down'
2022-03-15 16:30:15 WARN  o.s.b.f.s.DisposableBeanAdapter:221 - Invocation of destroy method failed on bean with name 'inMemoryDatabaseShutdownExecutor': org.h2.jdbc.JdbcSQLNonTransientConnectionException: Database is already closed (to disable automatic closing at VM shutdown, add ";DB_CLOSE_ON_EXIT=FALSE" to the db URL) [90121-200]
2022-03-15 16:30:15 INFO  c.z.h.HikariDataSource:350 - HikariPool-3 - Shutdown initiated...
2022-03-15 16:30:15 INFO  c.z.h.HikariDataSource:352 - HikariPool-3 - Shutdown completed.
2022-03-15 16:30:15 INFO  c.m.e.EmployeeApplication:55 - Starting EmployeeApplication using Java 11.0.14 on ICS-LAP-11590 with PID 12040 (C:\Users\mramchandra\git\spring-boot-example\target\classes started by mramchandra in C:\Users\mramchandra\git\spring-boot-example)
2022-03-15 16:30:15 INFO  c.m.e.EmployeeApplication:640 - No active profile set, falling back to 1 default profile: "default"
2022-03-15 16:30:16 INFO  o.s.d.r.c.RepositoryConfigurationDelegate:132 - Bootstrapping Spring Data JPA repositories in DEFAULT mode.
2022-03-15 16:30:16 INFO  o.s.d.r.c.RepositoryConfigurationDelegate:201 - Finished Spring Data repository scanning in 6 ms. Found 1 JPA repository interfaces.
2022-03-15 16:30:16 INFO  o.s.b.w.e.t.TomcatWebServer:108 - Tomcat initialized with port(s): 8080 (http)
2022-03-15 16:30:16 INFO  o.a.c.c.StandardService:173 - Starting service [Tomcat]
2022-03-15 16:30:16 INFO  o.a.c.c.StandardEngine:173 - Starting Servlet engine: [Apache Tomcat/9.0.58]
2022-03-15 16:30:16 INFO  o.a.c.c.C.[.[.[/]:173 - Initializing Spring embedded WebApplicationContext
2022-03-15 16:30:16 INFO  o.s.b.w.s.c.ServletWebServerApplicationContext:290 - Root WebApplicationContext: initialization completed in 355 ms
2022-03-15 16:30:16 INFO  c.z.h.HikariDataSource:110 - HikariPool-4 - Starting...
2022-03-15 16:30:16 INFO  c.z.h.HikariDataSource:123 - HikariPool-4 - Start completed.
2022-03-15 16:30:16 INFO  o.s.b.a.h.H2ConsoleAutoConfiguration:89 - H2 console available at '/h2-console'. Database available at 'jdbc:h2:mem:cf82c02f-bcaf-4b3e-abff-bae418acc2e9'
2022-03-15 16:30:16 INFO  o.h.j.i.u.LogHelper:31 - HHH000204: Processing PersistenceUnitInfo [name: default]
2022-03-15 16:30:16 INFO  o.h.d.Dialect:175 - HHH000400: Using dialect: org.hibernate.dialect.H2Dialect
2022-03-15 16:30:16 INFO  o.h.e.t.j.p.i.JtaPlatformInitiator:52 - HHH000490: Using JtaPlatform implementation: [org.hibernate.engine.transaction.jta.platform.internal.NoJtaPlatform]
2022-03-15 16:30:16 INFO  o.s.o.j.LocalContainerEntityManagerFactoryBean:437 - Initialized JPA EntityManagerFactory for persistence unit 'default'
2022-03-15 16:30:16 WARN  o.s.b.a.o.j.JpaBaseConfiguration$JpaWebConfiguration:219 - spring.jpa.open-in-view is enabled by default. Therefore, database queries may be performed during view rendering. Explicitly configure spring.jpa.open-in-view to disable this warning
2022-03-15 16:30:16 INFO  o.s.b.d.a.OptionalLiveReloadServer:58 - LiveReload server is running on port 35729
2022-03-15 16:30:16 INFO  o.s.b.a.e.w.EndpointLinksResolver:58 - Exposing 1 endpoint(s) beneath base path '/actuator'
2022-03-15 16:30:16 INFO  o.s.b.w.e.t.TomcatWebServer:220 - Tomcat started on port(s): 8080 (http) with context path ''
2022-03-15 16:30:16 INFO  c.m.e.EmployeeApplication:61 - Started EmployeeApplication in 0.628 seconds (JVM running for 235.56)
2022-03-15 16:30:16 INFO  o.s.b.d.a.ConditionEvaluationDeltaLoggingListener:63 - Condition evaluation unchanged
2022-03-15 16:30:17 INFO  o.s.o.j.LocalContainerEntityManagerFactoryBean:651 - Closing JPA EntityManagerFactory for persistence unit 'default'
2022-03-15 16:30:17 INFO  o.h.t.s.i.SchemaDropperImpl$DelayedDropActionImpl:538 - HHH000477: Starting delayed evictData of schema as part of SessionFactory shut-down'
2022-03-15 16:30:18 WARN  o.s.b.f.s.DisposableBeanAdapter:221 - Invocation of destroy method failed on bean with name 'inMemoryDatabaseShutdownExecutor': org.h2.jdbc.JdbcSQLNonTransientConnectionException: Database is already closed (to disable automatic closing at VM shutdown, add ";DB_CLOSE_ON_EXIT=FALSE" to the db URL) [90121-200]
2022-03-15 16:30:18 INFO  c.z.h.HikariDataSource:350 - HikariPool-4 - Shutdown initiated...
2022-03-15 16:30:18 INFO  c.z.h.HikariDataSource:352 - HikariPool-4 - Shutdown completed.
2022-03-15 16:30:18 INFO  c.m.e.EmployeeApplication:55 - Starting EmployeeApplication using Java 11.0.14 on ICS-LAP-11590 with PID 12040 (C:\Users\mramchandra\git\spring-boot-example\target\classes started by mramchandra in C:\Users\mramchandra\git\spring-boot-example)
2022-03-15 16:30:18 INFO  c.m.e.EmployeeApplication:640 - No active profile set, falling back to 1 default profile: "default"
2022-03-15 16:30:18 INFO  o.s.d.r.c.RepositoryConfigurationDelegate:132 - Bootstrapping Spring Data JPA repositories in DEFAULT mode.
2022-03-15 16:30:18 INFO  o.s.d.r.c.RepositoryConfigurationDelegate:201 - Finished Spring Data repository scanning in 10 ms. Found 1 JPA repository interfaces.
2022-03-15 16:30:18 INFO  o.s.b.w.e.t.TomcatWebServer:108 - Tomcat initialized with port(s): 8080 (http)
2022-03-15 16:30:18 INFO  o.a.c.c.StandardService:173 - Starting service [Tomcat]
2022-03-15 16:30:18 INFO  o.a.c.c.StandardEngine:173 - Starting Servlet engine: [Apache Tomcat/9.0.58]
2022-03-15 16:30:18 INFO  o.a.c.c.C.[.[.[/]:173 - Initializing Spring embedded WebApplicationContext
2022-03-15 16:30:18 INFO  o.s.b.w.s.c.ServletWebServerApplicationContext:290 - Root WebApplicationContext: initialization completed in 290 ms
2022-03-15 16:30:18 INFO  c.z.h.HikariDataSource:110 - HikariPool-5 - Starting...
2022-03-15 16:30:18 INFO  c.z.h.HikariDataSource:123 - HikariPool-5 - Start completed.
2022-03-15 16:30:18 INFO  o.s.b.a.h.H2ConsoleAutoConfiguration:89 - H2 console available at '/h2-console'. Database available at 'jdbc:h2:mem:9ad6e74c-8fdc-45f1-b73a-13d77562532f'
2022-03-15 16:30:18 INFO  o.h.j.i.u.LogHelper:31 - HHH000204: Processing PersistenceUnitInfo [name: default]
2022-03-15 16:30:18 INFO  o.h.d.Dialect:175 - HHH000400: Using dialect: org.hibernate.dialect.H2Dialect
2022-03-15 16:30:18 INFO  o.h.e.t.j.p.i.JtaPlatformInitiator:52 - HHH000490: Using JtaPlatform implementation: [org.hibernate.engine.transaction.jta.platform.internal.NoJtaPlatform]
2022-03-15 16:30:18 INFO  o.s.o.j.LocalContainerEntityManagerFactoryBean:437 - Initialized JPA EntityManagerFactory for persistence unit 'default'
2022-03-15 16:30:18 WARN  o.s.b.a.o.j.JpaBaseConfiguration$JpaWebConfiguration:219 - spring.jpa.open-in-view is enabled by default. Therefore, database queries may be performed during view rendering. Explicitly configure spring.jpa.open-in-view to disable this warning
2022-03-15 16:30:18 INFO  o.s.b.d.a.OptionalLiveReloadServer:58 - LiveReload server is running on port 35729
2022-03-15 16:30:18 INFO  o.s.b.a.e.w.EndpointLinksResolver:58 - Exposing 1 endpoint(s) beneath base path '/actuator'
2022-03-15 16:30:18 INFO  o.s.b.w.e.t.TomcatWebServer:220 - Tomcat started on port(s): 8080 (http) with context path ''
2022-03-15 16:30:18 INFO  c.m.e.EmployeeApplication:61 - Started EmployeeApplication in 0.517 seconds (JVM running for 237.837)
2022-03-15 16:30:18 INFO  o.s.b.d.a.ConditionEvaluationDeltaLoggingListener:63 - Condition evaluation unchanged
2022-03-15 16:30:35 INFO  o.a.c.c.C.[.[.[/]:173 - Initializing Spring DispatcherServlet 'dispatcherServlet'
2022-03-15 16:30:35 INFO  o.s.w.s.DispatcherServlet:525 - Initializing Servlet 'dispatcherServlet'
2022-03-15 16:30:35 INFO  o.s.w.s.DispatcherServlet:547 - Completed initialization in 2 ms
2022-03-15 16:30:35 DEBUG c.m.e.c.EmployeeController:75 - Employee greeting for this name :: Maruti
2022-03-15 16:31:47 INFO  o.s.o.j.LocalContainerEntityManagerFactoryBean:651 - Closing JPA EntityManagerFactory for persistence unit 'default'
2022-03-15 16:31:47 INFO  o.h.t.s.i.SchemaDropperImpl$DelayedDropActionImpl:538 - HHH000477: Starting delayed evictData of schema as part of SessionFactory shut-down'
2022-03-15 16:31:47 WARN  o.s.b.f.s.DisposableBeanAdapter:221 - Invocation of destroy method failed on bean with name 'inMemoryDatabaseShutdownExecutor': org.h2.jdbc.JdbcSQLNonTransientConnectionException: Database is already closed (to disable automatic closing at VM shutdown, add ";DB_CLOSE_ON_EXIT=FALSE" to the db URL) [90121-200]
2022-03-15 16:31:47 INFO  c.z.h.HikariDataSource:350 - HikariPool-5 - Shutdown initiated...
2022-03-15 16:31:47 INFO  c.z.h.HikariDataSource:352 - HikariPool-5 - Shutdown completed.
2022-03-15 16:31:48 INFO  c.m.e.EmployeeApplication:55 - Starting EmployeeApplication using Java 11.0.14 on ICS-LAP-11590 with PID 12040 (C:\Users\mramchandra\git\spring-boot-example\target\classes started by mramchandra in C:\Users\mramchandra\git\spring-boot-example)
2022-03-15 16:31:48 INFO  c.m.e.EmployeeApplication:640 - No active profile set, falling back to 1 default profile: "default"
2022-03-15 16:31:48 INFO  o.s.d.r.c.RepositoryConfigurationDelegate:132 - Bootstrapping Spring Data JPA repositories in DEFAULT mode.
2022-03-15 16:31:48 INFO  o.s.d.r.c.RepositoryConfigurationDelegate:201 - Finished Spring Data repository scanning in 6 ms. Found 1 JPA repository interfaces.
2022-03-15 16:31:48 INFO  o.s.b.w.e.t.TomcatWebServer:108 - Tomcat initialized with port(s): 8080 (http)
2022-03-15 16:31:48 INFO  o.a.c.c.StandardService:173 - Starting service [Tomcat]
2022-03-15 16:31:48 INFO  o.a.c.c.StandardEngine:173 - Starting Servlet engine: [Apache Tomcat/9.0.58]
2022-03-15 16:31:48 INFO  o.a.c.c.C.[.[.[/]:173 - Initializing Spring embedded WebApplicationContext
2022-03-15 16:31:48 INFO  o.s.b.w.s.c.ServletWebServerApplicationContext:290 - Root WebApplicationContext: initialization completed in 284 ms
2022-03-15 16:31:48 INFO  c.z.h.HikariDataSource:110 - HikariPool-6 - Starting...
2022-03-15 16:31:48 INFO  c.z.h.HikariDataSource:123 - HikariPool-6 - Start completed.
2022-03-15 16:31:48 INFO  o.s.b.a.h.H2ConsoleAutoConfiguration:89 - H2 console available at '/h2-console'. Database available at 'jdbc:h2:mem:3d9e4b07-ed0b-449a-8d81-ae97dee55737'
2022-03-15 16:31:48 INFO  o.h.j.i.u.LogHelper:31 - HHH000204: Processing PersistenceUnitInfo [name: default]
2022-03-15 16:31:48 INFO  o.h.d.Dialect:175 - HHH000400: Using dialect: org.hibernate.dialect.H2Dialect
2022-03-15 16:31:48 INFO  o.h.e.t.j.p.i.JtaPlatformInitiator:52 - HHH000490: Using JtaPlatform implementation: [org.hibernate.engine.transaction.jta.platform.internal.NoJtaPlatform]
2022-03-15 16:31:48 INFO  o.s.o.j.LocalContainerEntityManagerFactoryBean:437 - Initialized JPA EntityManagerFactory for persistence unit 'default'
2022-03-15 16:31:48 WARN  o.s.b.a.o.j.JpaBaseConfiguration$JpaWebConfiguration:219 - spring.jpa.open-in-view is enabled by default. Therefore, database queries may be performed during view rendering. Explicitly configure spring.jpa.open-in-view to disable this warning
2022-03-15 16:31:48 INFO  o.s.b.d.a.OptionalLiveReloadServer:58 - LiveReload server is running on port 35729
2022-03-15 16:31:48 INFO  o.s.b.a.e.w.EndpointLinksResolver:58 - Exposing 1 endpoint(s) beneath base path '/actuator'
2022-03-15 16:31:48 INFO  o.s.b.w.e.t.TomcatWebServer:220 - Tomcat started on port(s): 8080 (http) with context path ''
2022-03-15 16:31:48 INFO  c.m.e.EmployeeApplication:61 - Started EmployeeApplication in 0.528 seconds (JVM running for 327.619)
2022-03-15 16:31:48 INFO  o.s.b.d.a.ConditionEvaluationDeltaLoggingListener:63 - Condition evaluation unchanged
2022-03-15 16:31:50 INFO  o.s.o.j.LocalContainerEntityManagerFactoryBean:651 - Closing JPA EntityManagerFactory for persistence unit 'default'
2022-03-15 16:31:50 INFO  o.h.t.s.i.SchemaDropperImpl$DelayedDropActionImpl:538 - HHH000477: Starting delayed evictData of schema as part of SessionFactory shut-down'
2022-03-15 16:31:50 WARN  o.s.b.f.s.DisposableBeanAdapter:221 - Invocation of destroy method failed on bean with name 'inMemoryDatabaseShutdownExecutor': org.h2.jdbc.JdbcSQLNonTransientConnectionException: Database is already closed (to disable automatic closing at VM shutdown, add ";DB_CLOSE_ON_EXIT=FALSE" to the db URL) [90121-200]
2022-03-15 16:31:50 INFO  c.z.h.HikariDataSource:350 - HikariPool-6 - Shutdown initiated...
2022-03-15 16:31:50 INFO  c.z.h.HikariDataSource:352 - HikariPool-6 - Shutdown completed.
2022-03-15 16:31:50 INFO  c.m.e.EmployeeApplication:55 - Starting EmployeeApplication using Java 11.0.14 on ICS-LAP-11590 with PID 12040 (C:\Users\mramchandra\git\spring-boot-example\target\classes started by mramchandra in C:\Users\mramchandra\git\spring-boot-example)
2022-03-15 16:31:50 INFO  c.m.e.EmployeeApplication:640 - No active profile set, falling back to 1 default profile: "default"
2022-03-15 16:31:50 INFO  o.s.d.r.c.RepositoryConfigurationDelegate:132 - Bootstrapping Spring Data JPA repositories in DEFAULT mode.
2022-03-15 16:31:50 INFO  o.s.d.r.c.RepositoryConfigurationDelegate:201 - Finished Spring Data repository scanning in 4 ms. Found 1 JPA repository interfaces.
2022-03-15 16:31:50 INFO  o.s.b.w.e.t.TomcatWebServer:108 - Tomcat initialized with port(s): 8080 (http)
2022-03-15 16:31:50 INFO  o.a.c.c.StandardService:173 - Starting service [Tomcat]
2022-03-15 16:31:50 INFO  o.a.c.c.StandardEngine:173 - Starting Servlet engine: [Apache Tomcat/9.0.58]
2022-03-15 16:31:50 INFO  o.a.c.c.C.[.[.[/]:173 - Initializing Spring embedded WebApplicationContext
2022-03-15 16:31:50 INFO  o.s.b.w.s.c.ServletWebServerApplicationContext:290 - Root WebApplicationContext: initialization completed in 200 ms
2022-03-15 16:31:50 INFO  c.z.h.HikariDataSource:110 - HikariPool-7 - Starting...
2022-03-15 16:31:50 INFO  c.z.h.HikariDataSource:123 - HikariPool-7 - Start completed.
2022-03-15 16:31:50 INFO  o.s.b.a.h.H2ConsoleAutoConfiguration:89 - H2 console available at '/h2-console'. Database available at 'jdbc:h2:mem:bad85077-a3e6-410e-9944-972d06f0e2a4'
2022-03-15 16:31:50 INFO  o.h.j.i.u.LogHelper:31 - HHH000204: Processing PersistenceUnitInfo [name: default]
2022-03-15 16:31:50 INFO  o.h.d.Dialect:175 - HHH000400: Using dialect: org.hibernate.dialect.H2Dialect
2022-03-15 16:31:50 INFO  o.h.e.t.j.p.i.JtaPlatformInitiator:52 - HHH000490: Using JtaPlatform implementation: [org.hibernate.engine.transaction.jta.platform.internal.NoJtaPlatform]
2022-03-15 16:31:50 INFO  o.s.o.j.LocalContainerEntityManagerFactoryBean:437 - Initialized JPA EntityManagerFactory for persistence unit 'default'
2022-03-15 16:31:50 WARN  o.s.b.a.o.j.JpaBaseConfiguration$JpaWebConfiguration:219 - spring.jpa.open-in-view is enabled by default. Therefore, database queries may be performed during view rendering. Explicitly configure spring.jpa.open-in-view to disable this warning
2022-03-15 16:31:50 INFO  o.s.b.d.a.OptionalLiveReloadServer:58 - LiveReload server is running on port 35729
2022-03-15 16:31:50 INFO  o.s.b.a.e.w.EndpointLinksResolver:58 - Exposing 1 endpoint(s) beneath base path '/actuator'
2022-03-15 16:31:50 INFO  o.s.b.w.e.t.TomcatWebServer:220 - Tomcat started on port(s): 8080 (http) with context path ''
2022-03-15 16:31:50 INFO  c.m.e.EmployeeApplication:61 - Started EmployeeApplication in 0.375 seconds (JVM running for 329.744)
2022-03-15 16:31:50 INFO  o.s.b.d.a.ConditionEvaluationDeltaLoggingListener:63 - Condition evaluation unchanged
2022-03-15 16:32:00 INFO  o.a.c.c.C.[.[.[/]:173 - Initializing Spring DispatcherServlet 'dispatcherServlet'
2022-03-15 16:32:00 INFO  o.s.w.s.DispatcherServlet:525 - Initializing Servlet 'dispatcherServlet'
2022-03-15 16:32:00 INFO  o.s.w.s.DispatcherServlet:547 - Completed initialization in 2 ms
2022-03-15 16:32:00 DEBUG c.m.e.c.EmployeeController:75 - Employee greeting for this name Maruti 
2022-03-15 16:37:50 INFO  o.s.o.j.LocalContainerEntityManagerFactoryBean:651 - Closing JPA EntityManagerFactory for persistence unit 'default'
2022-03-15 16:37:50 INFO  o.h.t.s.i.SchemaDropperImpl$DelayedDropActionImpl:538 - HHH000477: Starting delayed evictData of schema as part of SessionFactory shut-down'
2022-03-15 16:37:50 WARN  o.s.b.f.s.DisposableBeanAdapter:221 - Invocation of destroy method failed on bean with name 'inMemoryDatabaseShutdownExecutor': org.h2.jdbc.JdbcSQLNonTransientConnectionException: Database is already closed (to disable automatic closing at VM shutdown, add ";DB_CLOSE_ON_EXIT=FALSE" to the db URL) [90121-200]
2022-03-15 16:37:50 INFO  c.z.h.HikariDataSource:350 - HikariPool-7 - Shutdown initiated...
2022-03-15 16:37:50 INFO  c.z.h.HikariDataSource:352 - HikariPool-7 - Shutdown completed.
2022-03-15 16:37:50 INFO  c.m.e.EmployeeApplication:55 - Starting EmployeeApplication using Java 11.0.14 on ICS-LAP-11590 with PID 12040 (C:\Users\mramchandra\git\spring-boot-example\target\classes started by mramchandra in C:\Users\mramchandra\git\spring-boot-example)
2022-03-15 16:37:50 INFO  c.m.e.EmployeeApplication:640 - No active profile set, falling back to 1 default profile: "default"
2022-03-15 16:37:51 INFO  o.s.d.r.c.RepositoryConfigurationDelegate:132 - Bootstrapping Spring Data JPA repositories in DEFAULT mode.
2022-03-15 16:37:51 INFO  o.s.d.r.c.RepositoryConfigurationDelegate:201 - Finished Spring Data repository scanning in 6 ms. Found 1 JPA repository interfaces.
2022-03-15 16:37:51 INFO  o.s.b.w.e.t.TomcatWebServer:108 - Tomcat initialized with port(s): 8080 (http)
2022-03-15 16:37:51 INFO  o.a.c.c.StandardService:173 - Starting service [Tomcat]
2022-03-15 16:37:51 INFO  o.a.c.c.StandardEngine:173 - Starting Servlet engine: [Apache Tomcat/9.0.58]
2022-03-15 16:37:51 INFO  o.a.c.c.C.[.[.[/]:173 - Initializing Spring embedded WebApplicationContext
2022-03-15 16:37:51 INFO  o.s.b.w.s.c.ServletWebServerApplicationContext:290 - Root WebApplicationContext: initialization completed in 263 ms
2022-03-15 16:37:51 INFO  c.z.h.HikariDataSource:110 - HikariPool-8 - Starting...
2022-03-15 16:37:51 INFO  c.z.h.HikariDataSource:123 - HikariPool-8 - Start completed.
2022-03-15 16:37:51 INFO  o.s.b.a.h.H2ConsoleAutoConfiguration:89 - H2 console available at '/h2-console'. Database available at 'jdbc:h2:mem:4142d392-eabb-47c8-a41d-cfbefb5ee57d'
2022-03-15 16:37:51 INFO  o.h.j.i.u.LogHelper:31 - HHH000204: Processing PersistenceUnitInfo [name: default]
2022-03-15 16:37:51 INFO  o.h.d.Dialect:175 - HHH000400: Using dialect: org.hibernate.dialect.H2Dialect
2022-03-15 16:37:51 INFO  o.h.e.t.j.p.i.JtaPlatformInitiator:52 - HHH000490: Using JtaPlatform implementation: [org.hibernate.engine.transaction.jta.platform.internal.NoJtaPlatform]
2022-03-15 16:37:51 INFO  o.s.o.j.LocalContainerEntityManagerFactoryBean:437 - Initialized JPA EntityManagerFactory for persistence unit 'default'
2022-03-15 16:37:51 WARN  o.s.b.a.o.j.JpaBaseConfiguration$JpaWebConfiguration:219 - spring.jpa.open-in-view is enabled by default. Therefore, database queries may be performed during view rendering. Explicitly configure spring.jpa.open-in-view to disable this warning
2022-03-15 16:37:51 INFO  o.s.b.d.a.OptionalLiveReloadServer:58 - LiveReload server is running on port 35729
2022-03-15 16:37:51 INFO  o.s.b.a.e.w.EndpointLinksResolver:58 - Exposing 1 endpoint(s) beneath base path '/actuator'
2022-03-15 16:37:51 INFO  o.s.b.w.e.t.TomcatWebServer:220 - Tomcat started on port(s): 8080 (http) with context path ''
2022-03-15 16:37:51 INFO  c.m.e.EmployeeApplication:61 - Started EmployeeApplication in 0.469 seconds (JVM running for 690.422)
2022-03-15 16:37:51 INFO  o.s.b.d.a.ConditionEvaluationDeltaLoggingListener:63 - Condition evaluation unchanged
2022-03-15 16:39:10 INFO  o.s.o.j.LocalContainerEntityManagerFactoryBean:651 - Closing JPA EntityManagerFactory for persistence unit 'default'
2022-03-15 16:39:10 INFO  o.h.t.s.i.SchemaDropperImpl$DelayedDropActionImpl:538 - HHH000477: Starting delayed evictData of schema as part of SessionFactory shut-down'
2022-03-15 16:39:10 WARN  o.s.b.f.s.DisposableBeanAdapter:221 - Invocation of destroy method failed on bean with name 'inMemoryDatabaseShutdownExecutor': org.h2.jdbc.JdbcSQLNonTransientConnectionException: Database is already closed (to disable automatic closing at VM shutdown, add ";DB_CLOSE_ON_EXIT=FALSE" to the db URL) [90121-200]
2022-03-15 16:39:10 INFO  c.z.h.HikariDataSource:350 - HikariPool-8 - Shutdown initiated...
2022-03-15 16:39:10 INFO  c.z.h.HikariDataSource:352 - HikariPool-8 - Shutdown completed.
2022-03-15 16:39:10 ERROR o.s.b.SpringApplication:830 - Application run failed
org.yaml.snakeyaml.scanner.ScannerException: mapping values are not allowed here
 in 'reader', line 2, column 8:
      level:
           ^

	at org.yaml.snakeyaml.scanner.ScannerImpl.fetchValue(ScannerImpl.java:890) ~[snakeyaml-1.29.jar:na]
	at org.yaml.snakeyaml.scanner.ScannerImpl.fetchMoreTokens(ScannerImpl.java:379) ~[snakeyaml-1.29.jar:na]
	at org.yaml.snakeyaml.scanner.ScannerImpl.peekToken(ScannerImpl.java:271) ~[snakeyaml-1.29.jar:na]
	at org.yaml.snakeyaml.parser.ParserImpl$ParseDocumentEnd.produce(ParserImpl.java:286) ~[snakeyaml-1.29.jar:na]
	at org.yaml.snakeyaml.parser.ParserImpl.peekEvent(ParserImpl.java:165) ~[snakeyaml-1.29.jar:na]
	at org.yaml.snakeyaml.comments.CommentEventsCollector$1.peek(CommentEventsCollector.java:59) ~[snakeyaml-1.29.jar:na]
	at org.yaml.snakeyaml.comments.CommentEventsCollector$1.peek(CommentEventsCollector.java:45) ~[snakeyaml-1.29.jar:na]
	at org.yaml.snakeyaml.comments.CommentEventsCollector.collectEvents(CommentEventsCollector.java:140) ~[snakeyaml-1.29.jar:na]
	at org.yaml.snakeyaml.comments.CommentEventsCollector.collectEvents(CommentEventsCollector.java:119) ~[snakeyaml-1.29.jar:na]
	at org.yaml.snakeyaml.composer.Composer.composeScalarNode(Composer.java:214) ~[snakeyaml-1.29.jar:na]
	at org.yaml.snakeyaml.composer.Composer.composeNode(Composer.java:184) ~[snakeyaml-1.29.jar:na]
	at org.yaml.snakeyaml.composer.Composer.getNode(Composer.java:115) ~[snakeyaml-1.29.jar:na]
	at org.yaml.snakeyaml.constructor.BaseConstructor.getData(BaseConstructor.java:135) ~[snakeyaml-1.29.jar:na]
	at org.springframework.boot.env.OriginTrackedYamlLoader$OriginTrackingConstructor.getData(OriginTrackedYamlLoader.java:99) ~[spring-boot-2.6.4.jar:2.6.4]
	at org.yaml.snakeyaml.Yaml$1.next(Yaml.java:514) ~[snakeyaml-1.29.jar:na]
	at org.springframework.beans.factory.config.YamlProcessor.process(YamlProcessor.java:198) ~[spring-beans-5.3.16.jar:5.3.16]
	at org.springframework.beans.factory.config.YamlProcessor.process(YamlProcessor.java:166) ~[spring-beans-5.3.16.jar:5.3.16]
	at org.springframework.boot.env.OriginTrackedYamlLoader.load(OriginTrackedYamlLoader.java:84) ~[spring-boot-2.6.4.jar:2.6.4]
	at org.springframework.boot.env.YamlPropertySourceLoader.load(YamlPropertySourceLoader.java:50) ~[spring-boot-2.6.4.jar:2.6.4]
	at org.springframework.boot.context.config.StandardConfigDataLoader.load(StandardConfigDataLoader.java:54) ~[spring-boot-2.6.4.jar:2.6.4]
	at org.springframework.boot.context.config.StandardConfigDataLoader.load(StandardConfigDataLoader.java:36) ~[spring-boot-2.6.4.jar:2.6.4]
	at org.springframework.boot.context.config.ConfigDataLoaders.load(ConfigDataLoaders.java:107) ~[spring-boot-2.6.4.jar:2.6.4]
	at org.springframework.boot.context.config.ConfigDataImporter.load(ConfigDataImporter.java:128) ~[spring-boot-2.6.4.jar:2.6.4]
	at org.springframework.boot.context.config.ConfigDataImporter.resolveAndLoad(ConfigDataImporter.java:86) ~[spring-boot-2.6.4.jar:2.6.4]
	at org.springframework.boot.context.config.ConfigDataEnvironmentContributors.withProcessedImports(ConfigDataEnvironmentContributors.java:116) ~[spring-boot-2.6.4.jar:2.6.4]
	at org.springframework.boot.context.config.ConfigDataEnvironment.processInitial(ConfigDataEnvironment.java:240) ~[spring-boot-2.6.4.jar:2.6.4]
	at org.springframework.boot.context.config.ConfigDataEnvironment.processAndApply(ConfigDataEnvironment.java:227) ~[spring-boot-2.6.4.jar:2.6.4]
	at org.springframework.boot.context.config.ConfigDataEnvironmentPostProcessor.postProcessEnvironment(ConfigDataEnvironmentPostProcessor.java:102) ~[spring-boot-2.6.4.jar:2.6.4]
	at org.springframework.boot.context.config.ConfigDataEnvironmentPostProcessor.postProcessEnvironment(ConfigDataEnvironmentPostProcessor.java:94) ~[spring-boot-2.6.4.jar:2.6.4]
	at org.springframework.boot.env.EnvironmentPostProcessorApplicationListener.onApplicationEnvironmentPreparedEvent(EnvironmentPostProcessorApplicationListener.java:102) ~[spring-boot-2.6.4.jar:2.6.4]
	at org.springframework.boot.env.EnvironmentPostProcessorApplicationListener.onApplicationEvent(EnvironmentPostProcessorApplicationListener.java:87) ~[spring-boot-2.6.4.jar:2.6.4]
	at org.springframework.context.event.SimpleApplicationEventMulticaster.doInvokeListener(SimpleApplicationEventMulticaster.java:176) ~[spring-context-5.3.16.jar:5.3.16]
	at org.springframework.context.event.SimpleApplicationEventMulticaster.invokeListener(SimpleApplicationEventMulticaster.java:169) ~[spring-context-5.3.16.jar:5.3.16]
	at org.springframework.context.event.SimpleApplicationEventMulticaster.multicastEvent(SimpleApplicationEventMulticaster.java:143) ~[spring-context-5.3.16.jar:5.3.16]
	at org.springframework.context.event.SimpleApplicationEventMulticaster.multicastEvent(SimpleApplicationEventMulticaster.java:131) ~[spring-context-5.3.16.jar:5.3.16]
	at org.springframework.boot.context.event.EventPublishingRunListener.environmentPrepared(EventPublishingRunListener.java:85) ~[spring-boot-2.6.4.jar:2.6.4]
	at org.springframework.boot.SpringApplicationRunListeners.lambda$environmentPrepared$2(SpringApplicationRunListeners.java:66) ~[spring-boot-2.6.4.jar:2.6.4]
	at java.base/java.util.ArrayList.forEach(ArrayList.java:1541) ~[na:na]
	at org.springframework.boot.SpringApplicationRunListeners.doWithListeners(SpringApplicationRunListeners.java:120) ~[spring-boot-2.6.4.jar:2.6.4]
	at org.springframework.boot.SpringApplicationRunListeners.doWithListeners(SpringApplicationRunListeners.java:114) ~[spring-boot-2.6.4.jar:2.6.4]
	at org.springframework.boot.SpringApplicationRunListeners.environmentPrepared(SpringApplicationRunListeners.java:65) ~[spring-boot-2.6.4.jar:2.6.4]
	at org.springframework.boot.SpringApplication.prepareEnvironment(SpringApplication.java:339) ~[spring-boot-2.6.4.jar:2.6.4]
	at org.springframework.boot.SpringApplication.run(SpringApplication.java:297) ~[spring-boot-2.6.4.jar:2.6.4]
	at org.springframework.boot.SpringApplication.run(SpringApplication.java:1312) ~[spring-boot-2.6.4.jar:2.6.4]
	at org.springframework.boot.SpringApplication.run(SpringApplication.java:1301) ~[spring-boot-2.6.4.jar:2.6.4]
	at com.mry.employee.EmployeeApplication.main(EmployeeApplication.java:10) ~[classes/:na]
	at java.base/jdk.internal.reflect.NativeMethodAccessorImpl.invoke0(Native Method) ~[na:na]
	at java.base/jdk.internal.reflect.NativeMethodAccessorImpl.invoke(NativeMethodAccessorImpl.java:62) ~[na:na]
	at java.base/jdk.internal.reflect.DelegatingMethodAccessorImpl.invoke(DelegatingMethodAccessorImpl.java:43) ~[na:na]
	at java.base/java.lang.reflect.Method.invoke(Method.java:566) ~[na:na]
	at org.springframework.boot.devtools.restart.RestartLauncher.run(RestartLauncher.java:49) ~[spring-boot-devtools-2.6.4.jar:2.6.4]
2022-03-15 16:39:43 ERROR o.s.b.SpringApplication:830 - Application run failed
org.yaml.snakeyaml.scanner.ScannerException: mapping values are not allowed here
 in 'reader', line 2, column 8:
      level:
           ^

	at org.yaml.snakeyaml.scanner.ScannerImpl.fetchValue(ScannerImpl.java:890) ~[snakeyaml-1.29.jar:na]
	at org.yaml.snakeyaml.scanner.ScannerImpl.fetchMoreTokens(ScannerImpl.java:379) ~[snakeyaml-1.29.jar:na]
	at org.yaml.snakeyaml.scanner.ScannerImpl.peekToken(ScannerImpl.java:271) ~[snakeyaml-1.29.jar:na]
	at org.yaml.snakeyaml.parser.ParserImpl$ParseDocumentEnd.produce(ParserImpl.java:286) ~[snakeyaml-1.29.jar:na]
	at org.yaml.snakeyaml.parser.ParserImpl.peekEvent(ParserImpl.java:165) ~[snakeyaml-1.29.jar:na]
	at org.yaml.snakeyaml.comments.CommentEventsCollector$1.peek(CommentEventsCollector.java:59) ~[snakeyaml-1.29.jar:na]
	at org.yaml.snakeyaml.comments.CommentEventsCollector$1.peek(CommentEventsCollector.java:45) ~[snakeyaml-1.29.jar:na]
	at org.yaml.snakeyaml.comments.CommentEventsCollector.collectEvents(CommentEventsCollector.java:140) ~[snakeyaml-1.29.jar:na]
	at org.yaml.snakeyaml.comments.CommentEventsCollector.collectEvents(CommentEventsCollector.java:119) ~[snakeyaml-1.29.jar:na]
	at org.yaml.snakeyaml.composer.Composer.composeScalarNode(Composer.java:214) ~[snakeyaml-1.29.jar:na]
	at org.yaml.snakeyaml.composer.Composer.composeNode(Composer.java:184) ~[snakeyaml-1.29.jar:na]
	at org.yaml.snakeyaml.composer.Composer.getNode(Composer.java:115) ~[snakeyaml-1.29.jar:na]
	at org.yaml.snakeyaml.constructor.BaseConstructor.getData(BaseConstructor.java:135) ~[snakeyaml-1.29.jar:na]
	at org.springframework.boot.env.OriginTrackedYamlLoader$OriginTrackingConstructor.getData(OriginTrackedYamlLoader.java:99) ~[spring-boot-2.6.4.jar:2.6.4]
	at org.yaml.snakeyaml.Yaml$1.next(Yaml.java:514) ~[snakeyaml-1.29.jar:na]
	at org.springframework.beans.factory.config.YamlProcessor.process(YamlProcessor.java:198) ~[spring-beans-5.3.16.jar:5.3.16]
	at org.springframework.beans.factory.config.YamlProcessor.process(YamlProcessor.java:166) ~[spring-beans-5.3.16.jar:5.3.16]
	at org.springframework.boot.env.OriginTrackedYamlLoader.load(OriginTrackedYamlLoader.java:84) ~[spring-boot-2.6.4.jar:2.6.4]
	at org.springframework.boot.env.YamlPropertySourceLoader.load(YamlPropertySourceLoader.java:50) ~[spring-boot-2.6.4.jar:2.6.4]
	at org.springframework.boot.context.config.StandardConfigDataLoader.load(StandardConfigDataLoader.java:54) ~[spring-boot-2.6.4.jar:2.6.4]
	at org.springframework.boot.context.config.StandardConfigDataLoader.load(StandardConfigDataLoader.java:36) ~[spring-boot-2.6.4.jar:2.6.4]
	at org.springframework.boot.context.config.ConfigDataLoaders.load(ConfigDataLoaders.java:107) ~[spring-boot-2.6.4.jar:2.6.4]
	at org.springframework.boot.context.config.ConfigDataImporter.load(ConfigDataImporter.java:128) ~[spring-boot-2.6.4.jar:2.6.4]
	at org.springframework.boot.context.config.ConfigDataImporter.resolveAndLoad(ConfigDataImporter.java:86) ~[spring-boot-2.6.4.jar:2.6.4]
	at org.springframework.boot.context.config.ConfigDataEnvironmentContributors.withProcessedImports(ConfigDataEnvironmentContributors.java:116) ~[spring-boot-2.6.4.jar:2.6.4]
	at org.springframework.boot.context.config.ConfigDataEnvironment.processInitial(ConfigDataEnvironment.java:240) ~[spring-boot-2.6.4.jar:2.6.4]
	at org.springframework.boot.context.config.ConfigDataEnvironment.processAndApply(ConfigDataEnvironment.java:227) ~[spring-boot-2.6.4.jar:2.6.4]
	at org.springframework.boot.context.config.ConfigDataEnvironmentPostProcessor.postProcessEnvironment(ConfigDataEnvironmentPostProcessor.java:102) ~[spring-boot-2.6.4.jar:2.6.4]
	at org.springframework.boot.context.config.ConfigDataEnvironmentPostProcessor.postProcessEnvironment(ConfigDataEnvironmentPostProcessor.java:94) ~[spring-boot-2.6.4.jar:2.6.4]
	at org.springframework.boot.env.EnvironmentPostProcessorApplicationListener.onApplicationEnvironmentPreparedEvent(EnvironmentPostProcessorApplicationListener.java:102) ~[spring-boot-2.6.4.jar:2.6.4]
	at org.springframework.boot.env.EnvironmentPostProcessorApplicationListener.onApplicationEvent(EnvironmentPostProcessorApplicationListener.java:87) ~[spring-boot-2.6.4.jar:2.6.4]
	at org.springframework.context.event.SimpleApplicationEventMulticaster.doInvokeListener(SimpleApplicationEventMulticaster.java:176) ~[spring-context-5.3.16.jar:5.3.16]
	at org.springframework.context.event.SimpleApplicationEventMulticaster.invokeListener(SimpleApplicationEventMulticaster.java:169) ~[spring-context-5.3.16.jar:5.3.16]
	at org.springframework.context.event.SimpleApplicationEventMulticaster.multicastEvent(SimpleApplicationEventMulticaster.java:143) ~[spring-context-5.3.16.jar:5.3.16]
	at org.springframework.context.event.SimpleApplicationEventMulticaster.multicastEvent(SimpleApplicationEventMulticaster.java:131) ~[spring-context-5.3.16.jar:5.3.16]
	at org.springframework.boot.context.event.EventPublishingRunListener.environmentPrepared(EventPublishingRunListener.java:85) ~[spring-boot-2.6.4.jar:2.6.4]
	at org.springframework.boot.SpringApplicationRunListeners.lambda$environmentPrepared$2(SpringApplicationRunListeners.java:66) ~[spring-boot-2.6.4.jar:2.6.4]
	at java.base/java.util.ArrayList.forEach(ArrayList.java:1541) ~[na:na]
	at org.springframework.boot.SpringApplicationRunListeners.doWithListeners(SpringApplicationRunListeners.java:120) ~[spring-boot-2.6.4.jar:2.6.4]
	at org.springframework.boot.SpringApplicationRunListeners.doWithListeners(SpringApplicationRunListeners.java:114) ~[spring-boot-2.6.4.jar:2.6.4]
	at org.springframework.boot.SpringApplicationRunListeners.environmentPrepared(SpringApplicationRunListeners.java:65) ~[spring-boot-2.6.4.jar:2.6.4]
	at org.springframework.boot.SpringApplication.prepareEnvironment(SpringApplication.java:339) ~[spring-boot-2.6.4.jar:2.6.4]
	at org.springframework.boot.SpringApplication.run(SpringApplication.java:297) ~[spring-boot-2.6.4.jar:2.6.4]
	at org.springframework.boot.SpringApplication.run(SpringApplication.java:1312) ~[spring-boot-2.6.4.jar:2.6.4]
	at org.springframework.boot.SpringApplication.run(SpringApplication.java:1301) ~[spring-boot-2.6.4.jar:2.6.4]
	at com.mry.employee.EmployeeApplication.main(EmployeeApplication.java:10) ~[classes/:na]
	at java.base/jdk.internal.reflect.NativeMethodAccessorImpl.invoke0(Native Method) ~[na:na]
	at java.base/jdk.internal.reflect.NativeMethodAccessorImpl.invoke(NativeMethodAccessorImpl.java:62) ~[na:na]
	at java.base/jdk.internal.reflect.DelegatingMethodAccessorImpl.invoke(DelegatingMethodAccessorImpl.java:43) ~[na:na]
	at java.base/java.lang.reflect.Method.invoke(Method.java:566) ~[na:na]
	at org.springframework.boot.devtools.restart.RestartLauncher.run(RestartLauncher.java:49) ~[spring-boot-devtools-2.6.4.jar:2.6.4]
2022-03-15 16:39:56 ERROR o.s.b.SpringApplication:830 - Application run failed
org.yaml.snakeyaml.scanner.ScannerException: while scanning for the next token
found character '%' that cannot start any token. (Do not use % for indentation)
 in 'reader', line 11, column 12:
      pattern: %d{yyyy-MM-dd HH:mm:ss.SSS} [%th ... 
               ^

	at org.yaml.snakeyaml.scanner.ScannerImpl.fetchMoreTokens(ScannerImpl.java:439) ~[snakeyaml-1.29.jar:na]
	at org.yaml.snakeyaml.scanner.ScannerImpl.checkToken(ScannerImpl.java:248) ~[snakeyaml-1.29.jar:na]
	at org.yaml.snakeyaml.parser.ParserImpl$ParseBlockMappingValue.produce(ParserImpl.java:665) ~[snakeyaml-1.29.jar:na]
	at org.yaml.snakeyaml.parser.ParserImpl.peekEvent(ParserImpl.java:165) ~[snakeyaml-1.29.jar:na]
	at org.yaml.snakeyaml.comments.CommentEventsCollector$1.peek(CommentEventsCollector.java:59) ~[snakeyaml-1.29.jar:na]
	at org.yaml.snakeyaml.comments.CommentEventsCollector$1.peek(CommentEventsCollector.java:45) ~[snakeyaml-1.29.jar:na]
	at org.yaml.snakeyaml.comments.CommentEventsCollector.collectEvents(CommentEventsCollector.java:140) ~[snakeyaml-1.29.jar:na]
	at org.yaml.snakeyaml.comments.CommentEventsCollector.collectEvents(CommentEventsCollector.java:119) ~[snakeyaml-1.29.jar:na]
	at org.yaml.snakeyaml.composer.Composer.composeScalarNode(Composer.java:214) ~[snakeyaml-1.29.jar:na]
	at org.yaml.snakeyaml.composer.Composer.composeNode(Composer.java:184) ~[snakeyaml-1.29.jar:na]
	at org.yaml.snakeyaml.composer.Composer.composeKeyNode(Composer.java:310) ~[snakeyaml-1.29.jar:na]
	at org.yaml.snakeyaml.composer.Composer.composeMappingChildren(Composer.java:301) ~[snakeyaml-1.29.jar:na]
	at org.yaml.snakeyaml.composer.Composer.composeMappingNode(Composer.java:286) ~[snakeyaml-1.29.jar:na]
	at org.yaml.snakeyaml.composer.Composer.composeNode(Composer.java:188) ~[snakeyaml-1.29.jar:na]
	at org.yaml.snakeyaml.composer.Composer.composeValueNode(Composer.java:314) ~[snakeyaml-1.29.jar:na]
	at org.yaml.snakeyaml.composer.Composer.composeMappingChildren(Composer.java:305) ~[snakeyaml-1.29.jar:na]
	at org.yaml.snakeyaml.composer.Composer.composeMappingNode(Composer.java:286) ~[snakeyaml-1.29.jar:na]
	at org.yaml.snakeyaml.composer.Composer.composeNode(Composer.java:188) ~[snakeyaml-1.29.jar:na]
	at org.yaml.snakeyaml.composer.Composer.getNode(Composer.java:115) ~[snakeyaml-1.29.jar:na]
	at org.yaml.snakeyaml.constructor.BaseConstructor.getData(BaseConstructor.java:135) ~[snakeyaml-1.29.jar:na]
	at org.springframework.boot.env.OriginTrackedYamlLoader$OriginTrackingConstructor.getData(OriginTrackedYamlLoader.java:99) ~[spring-boot-2.6.4.jar:2.6.4]
	at org.yaml.snakeyaml.Yaml$1.next(Yaml.java:514) ~[snakeyaml-1.29.jar:na]
	at org.springframework.beans.factory.config.YamlProcessor.process(YamlProcessor.java:198) ~[spring-beans-5.3.16.jar:5.3.16]
	at org.springframework.beans.factory.config.YamlProcessor.process(YamlProcessor.java:166) ~[spring-beans-5.3.16.jar:5.3.16]
	at org.springframework.boot.env.OriginTrackedYamlLoader.load(OriginTrackedYamlLoader.java:84) ~[spring-boot-2.6.4.jar:2.6.4]
	at org.springframework.boot.env.YamlPropertySourceLoader.load(YamlPropertySourceLoader.java:50) ~[spring-boot-2.6.4.jar:2.6.4]
	at org.springframework.boot.context.config.StandardConfigDataLoader.load(StandardConfigDataLoader.java:54) ~[spring-boot-2.6.4.jar:2.6.4]
	at org.springframework.boot.context.config.StandardConfigDataLoader.load(StandardConfigDataLoader.java:36) ~[spring-boot-2.6.4.jar:2.6.4]
	at org.springframework.boot.context.config.ConfigDataLoaders.load(ConfigDataLoaders.java:107) ~[spring-boot-2.6.4.jar:2.6.4]
	at org.springframework.boot.context.config.ConfigDataImporter.load(ConfigDataImporter.java:128) ~[spring-boot-2.6.4.jar:2.6.4]
	at org.springframework.boot.context.config.ConfigDataImporter.resolveAndLoad(ConfigDataImporter.java:86) ~[spring-boot-2.6.4.jar:2.6.4]
	at org.springframework.boot.context.config.ConfigDataEnvironmentContributors.withProcessedImports(ConfigDataEnvironmentContributors.java:116) ~[spring-boot-2.6.4.jar:2.6.4]
	at org.springframework.boot.context.config.ConfigDataEnvironment.processInitial(ConfigDataEnvironment.java:240) ~[spring-boot-2.6.4.jar:2.6.4]
	at org.springframework.boot.context.config.ConfigDataEnvironment.processAndApply(ConfigDataEnvironment.java:227) ~[spring-boot-2.6.4.jar:2.6.4]
	at org.springframework.boot.context.config.ConfigDataEnvironmentPostProcessor.postProcessEnvironment(ConfigDataEnvironmentPostProcessor.java:102) ~[spring-boot-2.6.4.jar:2.6.4]
	at org.springframework.boot.context.config.ConfigDataEnvironmentPostProcessor.postProcessEnvironment(ConfigDataEnvironmentPostProcessor.java:94) ~[spring-boot-2.6.4.jar:2.6.4]
	at org.springframework.boot.env.EnvironmentPostProcessorApplicationListener.onApplicationEnvironmentPreparedEvent(EnvironmentPostProcessorApplicationListener.java:102) ~[spring-boot-2.6.4.jar:2.6.4]
	at org.springframework.boot.env.EnvironmentPostProcessorApplicationListener.onApplicationEvent(EnvironmentPostProcessorApplicationListener.java:87) ~[spring-boot-2.6.4.jar:2.6.4]
	at org.springframework.context.event.SimpleApplicationEventMulticaster.doInvokeListener(SimpleApplicationEventMulticaster.java:176) ~[spring-context-5.3.16.jar:5.3.16]
	at org.springframework.context.event.SimpleApplicationEventMulticaster.invokeListener(SimpleApplicationEventMulticaster.java:169) ~[spring-context-5.3.16.jar:5.3.16]
	at org.springframework.context.event.SimpleApplicationEventMulticaster.multicastEvent(SimpleApplicationEventMulticaster.java:143) ~[spring-context-5.3.16.jar:5.3.16]
	at org.springframework.context.event.SimpleApplicationEventMulticaster.multicastEvent(SimpleApplicationEventMulticaster.java:131) ~[spring-context-5.3.16.jar:5.3.16]
	at org.springframework.boot.context.event.EventPublishingRunListener.environmentPrepared(EventPublishingRunListener.java:85) ~[spring-boot-2.6.4.jar:2.6.4]
	at org.springframework.boot.SpringApplicationRunListeners.lambda$environmentPrepared$2(SpringApplicationRunListeners.java:66) ~[spring-boot-2.6.4.jar:2.6.4]
	at java.base/java.util.ArrayList.forEach(ArrayList.java:1541) ~[na:na]
	at org.springframework.boot.SpringApplicationRunListeners.doWithListeners(SpringApplicationRunListeners.java:120) ~[spring-boot-2.6.4.jar:2.6.4]
	at org.springframework.boot.SpringApplicationRunListeners.doWithListeners(SpringApplicationRunListeners.java:114) ~[spring-boot-2.6.4.jar:2.6.4]
	at org.springframework.boot.SpringApplicationRunListeners.environmentPrepared(SpringApplicationRunListeners.java:65) ~[spring-boot-2.6.4.jar:2.6.4]
	at org.springframework.boot.SpringApplication.prepareEnvironment(SpringApplication.java:339) ~[spring-boot-2.6.4.jar:2.6.4]
	at org.springframework.boot.SpringApplication.run(SpringApplication.java:297) ~[spring-boot-2.6.4.jar:2.6.4]
	at org.springframework.boot.SpringApplication.run(SpringApplication.java:1312) ~[spring-boot-2.6.4.jar:2.6.4]
	at org.springframework.boot.SpringApplication.run(SpringApplication.java:1301) ~[spring-boot-2.6.4.jar:2.6.4]
	at com.mry.employee.EmployeeApplication.main(EmployeeApplication.java:10) ~[classes/:na]
	at java.base/jdk.internal.reflect.NativeMethodAccessorImpl.invoke0(Native Method) ~[na:na]
	at java.base/jdk.internal.reflect.NativeMethodAccessorImpl.invoke(NativeMethodAccessorImpl.java:62) ~[na:na]
	at java.base/jdk.internal.reflect.DelegatingMethodAccessorImpl.invoke(DelegatingMethodAccessorImpl.java:43) ~[na:na]
	at java.base/java.lang.reflect.Method.invoke(Method.java:566) ~[na:na]
	at org.springframework.boot.devtools.restart.RestartLauncher.run(RestartLauncher.java:49) ~[spring-boot-devtools-2.6.4.jar:2.6.4]
2022-03-15 16:41:26 INFO  c.m.e.EmployeeApplication:55 - Starting EmployeeApplication using Java 11.0.14 on ICS-LAP-11590 with PID 12732 (C:\Users\mramchandra\git\spring-boot-example\target\classes started by mramchandra in C:\Users\mramchandra\git\spring-boot-example)
2022-03-15 16:41:26 INFO  c.m.e.EmployeeApplication:640 - No active profile set, falling back to 1 default profile: "default"
2022-03-15 16:41:26 INFO  o.s.b.d.e.DevToolsPropertyDefaultsPostProcessor:255 - Devtools property defaults active! Set 'spring.devtools.add-properties' to 'false' to disable
2022-03-15 16:41:26 INFO  o.s.b.d.e.DevToolsPropertyDefaultsPostProcessor:255 - For additional web related logging consider setting the 'logging.level.web' property to 'DEBUG'
2022-03-15 16:41:26 INFO  o.s.d.r.c.RepositoryConfigurationDelegate:132 - Bootstrapping Spring Data JPA repositories in DEFAULT mode.
2022-03-15 16:41:26 INFO  o.s.d.r.c.RepositoryConfigurationDelegate:201 - Finished Spring Data repository scanning in 23 ms. Found 1 JPA repository interfaces.
2022-03-15 16:41:27 INFO  o.s.b.w.e.t.TomcatWebServer:108 - Tomcat initialized with port(s): 8080 (http)
2022-03-15 16:41:27 INFO  o.a.c.c.StandardService:173 - Starting service [Tomcat]
2022-03-15 16:41:27 INFO  o.a.c.c.StandardEngine:173 - Starting Servlet engine: [Apache Tomcat/9.0.58]
2022-03-15 16:41:27 INFO  o.a.c.c.C.[.[.[/]:173 - Initializing Spring embedded WebApplicationContext
2022-03-15 16:41:27 INFO  o.s.b.w.s.c.ServletWebServerApplicationContext:290 - Root WebApplicationContext: initialization completed in 988 ms
2022-03-15 16:41:27 INFO  c.z.h.HikariDataSource:110 - HikariPool-1 - Starting...
2022-03-15 16:41:27 INFO  c.z.h.HikariDataSource:123 - HikariPool-1 - Start completed.
2022-03-15 16:41:27 INFO  o.s.b.a.h.H2ConsoleAutoConfiguration:89 - H2 console available at '/h2-console'. Database available at 'jdbc:h2:mem:6375ebee-7fde-476a-9373-731c5a134f33'
2022-03-15 16:41:27 INFO  o.h.j.i.u.LogHelper:31 - HHH000204: Processing PersistenceUnitInfo [name: default]
2022-03-15 16:41:27 INFO  o.h.Version:44 - HHH000412: Hibernate ORM core version 5.6.5.Final
2022-03-15 16:41:27 INFO  o.h.a.c.Version:56 - HCANN000001: Hibernate Commons Annotations {5.1.2.Final}
2022-03-15 16:41:27 INFO  o.h.d.Dialect:175 - HHH000400: Using dialect: org.hibernate.dialect.H2Dialect
2022-03-15 16:41:27 INFO  o.h.e.t.j.p.i.JtaPlatformInitiator:52 - HHH000490: Using JtaPlatform implementation: [org.hibernate.engine.transaction.jta.platform.internal.NoJtaPlatform]
2022-03-15 16:41:27 INFO  o.s.o.j.LocalContainerEntityManagerFactoryBean:437 - Initialized JPA EntityManagerFactory for persistence unit 'default'
2022-03-15 16:41:28 WARN  o.s.b.a.o.j.JpaBaseConfiguration$JpaWebConfiguration:219 - spring.jpa.open-in-view is enabled by default. Therefore, database queries may be performed during view rendering. Explicitly configure spring.jpa.open-in-view to disable this warning
2022-03-15 16:41:28 INFO  o.s.b.d.a.OptionalLiveReloadServer:58 - LiveReload server is running on port 35729
2022-03-15 16:41:28 INFO  o.s.b.a.e.w.EndpointLinksResolver:58 - Exposing 1 endpoint(s) beneath base path '/actuator'
2022-03-15 16:41:28 INFO  o.s.b.w.e.t.TomcatWebServer:220 - Tomcat started on port(s): 8080 (http) with context path ''
2022-03-15 16:41:28 INFO  c.m.e.EmployeeApplication:61 - Started EmployeeApplication in 2.443 seconds (JVM running for 3.062)
2022-03-15 16:41:28 INFO  o.a.c.c.C.[.[.[/]:173 - Initializing Spring DispatcherServlet 'dispatcherServlet'
2022-03-15 16:41:28 INFO  o.s.w.s.DispatcherServlet:525 - Initializing Servlet 'dispatcherServlet'
2022-03-15 16:41:28 INFO  o.s.w.s.DispatcherServlet:547 - Completed initialization in 0 ms
2022-03-15 16:41:58 INFO  o.s.o.j.LocalContainerEntityManagerFactoryBean:651 - Closing JPA EntityManagerFactory for persistence unit 'default'
2022-03-15 16:41:58 INFO  o.h.t.s.i.SchemaDropperImpl$DelayedDropActionImpl:538 - HHH000477: Starting delayed evictData of schema as part of SessionFactory shut-down'
2022-03-15 16:41:58 WARN  o.s.b.f.s.DisposableBeanAdapter:221 - Invocation of destroy method failed on bean with name 'inMemoryDatabaseShutdownExecutor': org.h2.jdbc.JdbcSQLNonTransientConnectionException: Database is already closed (to disable automatic closing at VM shutdown, add ";DB_CLOSE_ON_EXIT=FALSE" to the db URL) [90121-200]
2022-03-15 16:41:58 INFO  c.z.h.HikariDataSource:350 - HikariPool-1 - Shutdown initiated...
2022-03-15 16:41:58 INFO  c.z.h.HikariDataSource:352 - HikariPool-1 - Shutdown completed.
